<?xml version="1.0" encoding="UTF-8"?>
<!-- Generated by org.testng.reporters.JUnitXMLReporter -->
<testsuite ignored="6" hostname="Kapil-PC" failures="0" tests="1" name="Testng" time="0.109" errors="0" timestamp="06 Apr 2019 06:02:56 GMT">
  <testcase classname="Testng.Testng3" name="Third1" time="0.015"/>
  <testcase classname="Testng.Testng2" name="Test1" time="0.0">
    <ignored/>
  </testcase> <!-- Test1 -->
  <testcase classname="Testng.Testng1" name="new1" time="0.0">
    <ignored/>
  </testcase> <!-- new1 -->
  <testcase classname="Testng.Testng2" name="Test5" time="0.0">
    <ignored/>
  </testcase> <!-- Test5 -->
  <testcase classname="Testng.Testng2" name="Test2" time="0.0">
    <ignored/>
  </testcase> <!-- Test2 -->
  <testcase classname="Testng.Testng2" name="Test3" time="0.0">
    <ignored/>
  </testcase> <!-- Test3 -->
  <testcase classname="Testng.Testng2" name="Test4" time="0.0">
    <ignored/>
  </testcase> <!-- Test4 -->
</testsuite> <!-- Testng -->
