<?xml version="1.0" encoding="UTF-8"?>
<!-- Generated by org.testng.reporters.JUnitXMLReporter -->
<testsuite ignored="0" hostname="Kapil-PC" failures="0" tests="9" name="Testjunit" time="0.827" errors="0" timestamp="06 Apr 2019 06:02:56 GMT">
  <testcase classname="org.sample.wd.TestJunit1" name="test on test(org.sample.wd.TestJunit1)" time="0.187"/>
  <testcase classname="org.sample.wd.TestJunit1" name="test2 on test2(org.sample.wd.TestJunit1)" time="0.109"/>
  <testcase classname="org.sample.wd.TestJunit1" name="test3 on test3(org.sample.wd.TestJunit1)" time="0.0">
    <skipped/>
  </testcase> <!-- test3 on test3(org.sample.wd.TestJunit1) -->
  <testcase classname="org.sample.wd.TestJunit1" name="test4 on test4(org.sample.wd.TestJunit1)" time="0.125"/>
  <testcase classname="org.sample.wd.TestJunit2" name="new1 on new1(org.sample.wd.TestJunit2)" time="0.015"/>
  <testcase classname="org.sample.wd.TestJunit2" name="new2 on new2(org.sample.wd.TestJunit2)" time="0.047"/>
  <testcase classname="org.sample.wd.TestJunit2" name="new3 on new3(org.sample.wd.TestJunit2)" time="0.047"/>
  <testcase classname="org.sample.wd.TestJunit2" name="new4 on new4(org.sample.wd.TestJunit2)" time="0.062"/>
  <testcase classname="org.sample.wd.TestJunit2" name="new5 on new5(org.sample.wd.TestJunit2)" time="0.0">
    <skipped/>
  </testcase> <!-- new5 on new5(org.sample.wd.TestJunit2) -->
</testsuite> <!-- Testjunit -->
