<?xml version="1.0" encoding="UTF-8"?>
<!-- Generated by org.testng.reporters.JUnitXMLReporter -->
<testsuite ignored="1" hostname="Kapil-PC" failures="0" tests="3" name="Test" time="0.096" errors="0" timestamp="05 Apr 2019 20:27:51 GMT">
  <testcase classname="Testng.Testng2" name="Test1" time="0.008"/>
  <testcase classname="Testng.Testng2" name="Test2" time="0.003"/>
  <testcase classname="Testng.Testng1" name="new2" time="0.003"/>
  <testcase classname="Testng.Testng1" name="new1" time="0.0">
    <ignored/>
  </testcase> <!-- new1 -->
</testsuite> <!-- Test -->
